TN:
SF:C:\Users\POCUser\Desktop\FSD\Capsule-Case-Study\Frontend\src\polyfills.ts
FNF:0
FNH:0
LF:0
LH:0
BRF:0
BRH:0
end_of_record
TN:
SF:C:\Users\POCUser\Desktop\FSD\Capsule-Case-Study\Frontend\src\test.ts
FNF:0
FNH:0
DA:13,1
DA:18,1
DA:20,1
LF:3
LH:3
BRF:0
BRH:0
end_of_record
TN:
SF:C:\Users\POCUser\Desktop\FSD\Capsule-Case-Study\Frontend\src\app\app-routing.module.ts
FN:22,(anonymous_0)
FNF:1
FNH:1
FNDA:1,(anonymous_0)
DA:8,1
DA:22,1
LF:2
LH:2
BRF:0
BRH:0
end_of_record
TN:
SF:C:\Users\POCUser\Desktop\FSD\Capsule-Case-Study\Frontend\src\app\app.component.ts
FN:8,(anonymous_0)
FN:3,AppComponent
FNF:2
FNH:2
FNDA:1,(anonymous_0)
FNDA:8,AppComponent
DA:8,1
DA:9,8
DA:10,1
LF:3
LH:3
BRF:0
BRH:0
end_of_record
TN:
SF:C:\Users\POCUser\Desktop\FSD\Capsule-Case-Study\Frontend\src\app\components\add-project\add-project.component.ts
FN:19,(anonymous_0)
FN:34,AddProjectComponent
FN:40,(anonymous_2)
FN:43,(anonymous_3)
FN:45,(anonymous_4)
FN:51,(anonymous_5)
FN:56,(anonymous_6)
FN:74,(anonymous_7)
FN:85,(anonymous_8)
FN:97,(anonymous_9)
FN:110,(anonymous_10)
FN:111,(anonymous_11)
FN:124,(anonymous_12)
FN:132,(anonymous_13)
FN:136,(anonymous_14)
FN:142,(anonymous_15)
FN:151,(anonymous_16)
FN:152,(anonymous_17)
FN:154,(anonymous_18)
FN:155,(anonymous_19)
FN:163,(anonymous_20)
FN:172,(anonymous_21)
FN:178,(anonymous_22)
FN:183,(anonymous_23)
FN:185,(anonymous_24)
FN:187,(anonymous_25)
FN:189,(anonymous_26)
FN:191,(anonymous_27)
FN:195,(anonymous_28)
FN:202,(anonymous_29)
FN:203,(anonymous_30)
FN:214,(anonymous_31)
FN:219,(anonymous_32)
FN:220,(anonymous_33)
FN:225,(anonymous_34)
FN:230,(anonymous_35)
FN:237,(anonymous_36)
FN:243,(anonymous_37)
FN:249,(anonymous_38)
FN:250,(anonymous_39)
FN:252,(anonymous_40)
FN:257,(anonymous_41)
FNF:42
FNH:9
FNDA:1,(anonymous_0)
FNDA:3,AddProjectComponent
FNDA:1,(anonymous_2)
FNDA:0,(anonymous_3)
FNDA:0,(anonymous_4)
FNDA:2,(anonymous_5)
FNDA:1,(anonymous_6)
FNDA:1,(anonymous_7)
FNDA:0,(anonymous_8)
FNDA:0,(anonymous_9)
FNDA:1,(anonymous_10)
FNDA:8,(anonymous_11)
FNDA:0,(anonymous_12)
FNDA:0,(anonymous_13)
FNDA:0,(anonymous_14)
FNDA:0,(anonymous_15)
FNDA:1,(anonymous_16)
FNDA:0,(anonymous_17)
FNDA:0,(anonymous_18)
FNDA:0,(anonymous_19)
FNDA:0,(anonymous_20)
FNDA:0,(anonymous_21)
FNDA:0,(anonymous_22)
FNDA:0,(anonymous_23)
FNDA:0,(anonymous_24)
FNDA:0,(anonymous_25)
FNDA:0,(anonymous_26)
FNDA:0,(anonymous_27)
FNDA:0,(anonymous_28)
FNDA:0,(anonymous_29)
FNDA:0,(anonymous_30)
FNDA:0,(anonymous_31)
FNDA:0,(anonymous_32)
FNDA:0,(anonymous_33)
FNDA:0,(anonymous_34)
FNDA:0,(anonymous_35)
FNDA:0,(anonymous_36)
FNDA:0,(anonymous_37)
FNDA:0,(anonymous_38)
FNDA:0,(anonymous_39)
FNDA:0,(anonymous_40)
FNDA:0,(anonymous_41)
DA:19,1
DA:34,3
DA:35,3
DA:36,3
DA:37,3
DA:38,3
DA:40,1
DA:41,1
DA:42,1
DA:43,1
DA:44,0
DA:46,0
DA:48,1
DA:51,1
DA:52,2
DA:53,2
DA:56,1
DA:57,1
DA:58,1
DA:59,1
DA:60,1
DA:61,1
DA:62,0
DA:63,0
DA:64,0
DA:65,0
DA:66,0
DA:74,1
DA:75,1
DA:85,1
DA:86,0
DA:92,0
DA:93,0
DA:94,0
DA:97,1
DA:98,0
DA:99,0
DA:100,0
DA:101,0
DA:104,0
DA:105,0
DA:106,0
DA:110,1
DA:111,1
DA:112,8
DA:113,8
DA:114,8
DA:115,8
DA:116,0
DA:120,8
DA:124,1
DA:126,0
DA:127,0
DA:128,0
DA:129,0
DA:130,0
DA:131,0
DA:132,0
DA:133,0
DA:134,0
DA:135,0
DA:137,0
DA:138,0
DA:142,1
DA:143,0
DA:144,0
DA:145,0
DA:148,0
DA:151,1
DA:152,1
DA:153,0
DA:154,0
DA:155,0
DA:156,0
DA:157,0
DA:160,0
DA:163,0
DA:164,0
DA:165,0
DA:167,0
DA:171,0
DA:173,0
DA:178,1
DA:179,0
DA:180,0
DA:183,1
DA:184,0
DA:185,0
DA:186,0
DA:187,0
DA:188,0
DA:189,0
DA:190,0
DA:191,0
DA:195,1
DA:196,0
DA:197,0
DA:198,0
DA:199,0
DA:202,1
DA:203,0
DA:204,0
DA:205,0
DA:212,0
DA:213,0
DA:215,0
DA:219,1
DA:220,0
DA:221,0
DA:222,0
DA:226,0
DA:230,1
DA:231,0
DA:232,0
DA:233,0
DA:234,0
DA:235,0
DA:236,0
DA:237,0
DA:238,0
DA:239,0
DA:240,0
DA:241,0
DA:242,0
DA:244,0
DA:245,0
DA:249,1
DA:250,0
DA:251,0
DA:253,0
DA:257,1
DA:258,0
DA:261,1
LF:133
LH:44
BRDA:52,0,0,0
BRDA:52,0,1,2
BRDA:61,1,0,0
BRDA:61,1,1,1
BRDA:65,2,0,0
BRDA:65,2,1,0
BRDA:65,3,0,0
BRDA:65,3,1,0
BRDA:99,4,0,0
BRDA:99,4,1,0
BRDA:115,5,0,0
BRDA:115,5,1,8
BRDA:115,6,0,8
BRDA:115,6,1,8
BRDA:156,7,0,0
BRDA:156,7,1,0
BRDA:164,8,0,0
BRDA:164,8,1,0
BRDA:184,9,0,0
BRDA:184,9,1,0
BRDA:186,10,0,0
BRDA:186,10,1,0
BRDA:188,11,0,0
BRDA:188,11,1,0
BRDA:190,12,0,0
BRDA:190,12,1,0
BRF:26
BRH:5
end_of_record
TN:
SF:C:\Users\POCUser\Desktop\FSD\Capsule-Case-Study\Frontend\src\app\components\add-task\add-task.component.ts
FN:22,(anonymous_0)
FN:40,AddTaskComponent
FN:48,(anonymous_2)
FN:49,(anonymous_3)
FN:51,(anonymous_4)
FN:54,(anonymous_5)
FN:56,(anonymous_6)
FN:65,(anonymous_7)
FN:76,(anonymous_8)
FN:83,(anonymous_9)
FN:95,(anonymous_10)
FN:102,(anonymous_11)
FN:107,(anonymous_12)
FN:120,(anonymous_13)
FN:141,(anonymous_14)
FN:142,(anonymous_15)
FN:155,(anonymous_16)
FN:164,(anonymous_17)
FN:165,(anonymous_18)
FN:167,(anonymous_19)
FN:171,(anonymous_20)
FN:176,(anonymous_21)
FN:184,(anonymous_22)
FN:192,(anonymous_23)
FN:205,(anonymous_24)
FN:211,(anonymous_25)
FN:214,(anonymous_26)
FN:228,(anonymous_27)
FN:231,(anonymous_28)
FN:238,(anonymous_29)
FN:250,(anonymous_30)
FN:261,(anonymous_31)
FN:264,(anonymous_32)
FN:270,(anonymous_33)
FN:274,(anonymous_34)
FNF:35
FNH:8
FNDA:1,(anonymous_0)
FNDA:3,AddTaskComponent
FNDA:1,(anonymous_2)
FNDA:0,(anonymous_3)
FNDA:0,(anonymous_4)
FNDA:0,(anonymous_5)
FNDA:0,(anonymous_6)
FNDA:0,(anonymous_7)
FNDA:0,(anonymous_8)
FNDA:0,(anonymous_9)
FNDA:1,(anonymous_10)
FNDA:2,(anonymous_11)
FNDA:1,(anonymous_12)
FNDA:0,(anonymous_13)
FNDA:1,(anonymous_14)
FNDA:10,(anonymous_15)
FNDA:0,(anonymous_16)
FNDA:0,(anonymous_17)
FNDA:0,(anonymous_18)
FNDA:0,(anonymous_19)
FNDA:0,(anonymous_20)
FNDA:0,(anonymous_21)
FNDA:0,(anonymous_22)
FNDA:0,(anonymous_23)
FNDA:0,(anonymous_24)
FNDA:0,(anonymous_25)
FNDA:0,(anonymous_26)
FNDA:0,(anonymous_27)
FNDA:0,(anonymous_28)
FNDA:0,(anonymous_29)
FNDA:0,(anonymous_30)
FNDA:0,(anonymous_31)
FNDA:0,(anonymous_32)
FNDA:0,(anonymous_33)
FNDA:0,(anonymous_34)
DA:22,1
DA:38,3
DA:40,3
DA:41,3
DA:42,3
DA:43,3
DA:44,3
DA:45,3
DA:46,3
DA:48,1
DA:49,1
DA:50,0
DA:52,0
DA:54,1
DA:55,0
DA:57,0
DA:59,1
DA:60,1
DA:62,1
DA:63,1
DA:64,0
DA:65,0
DA:66,0
DA:68,0
DA:76,0
DA:77,0
DA:80,0
DA:81,0
DA:83,0
DA:84,0
DA:87,0
DA:89,0
DA:90,0
DA:95,1
DA:96,1
DA:97,1
DA:98,1
DA:99,1
DA:102,1
DA:103,2
DA:104,2
DA:107,1
DA:108,1
DA:120,1
DA:121,0
DA:122,0
DA:123,0
DA:124,0
DA:125,0
DA:126,0
DA:127,0
DA:128,0
DA:129,0
DA:135,0
DA:136,0
DA:137,0
DA:138,0
DA:141,1
DA:142,1
DA:143,10
DA:144,10
DA:145,10
DA:146,10
DA:147,0
DA:151,10
DA:155,1
DA:156,0
DA:157,0
DA:158,0
DA:161,0
DA:164,1
DA:165,0
DA:166,0
DA:167,0
DA:168,0
DA:170,0
DA:172,0
DA:176,1
DA:177,0
DA:178,0
DA:181,0
DA:184,1
DA:185,0
DA:186,0
DA:189,0
DA:192,1
DA:193,0
DA:194,0
DA:196,0
DA:199,0
DA:205,1
DA:206,0
DA:207,0
DA:208,0
DA:209,0
DA:210,0
DA:211,0
DA:212,0
DA:213,0
DA:215,0
DA:216,0
DA:220,0
DA:221,0
DA:222,0
DA:223,0
DA:224,0
DA:225,0
DA:226,0
DA:227,0
DA:228,0
DA:229,0
DA:230,0
DA:232,0
DA:233,0
DA:238,1
DA:239,0
DA:240,0
DA:241,0
DA:242,0
DA:244,0
DA:245,0
DA:246,0
DA:250,1
DA:251,0
DA:253,0
DA:254,0
DA:255,0
DA:256,0
DA:257,0
DA:258,0
DA:259,0
DA:261,0
DA:262,0
DA:263,0
DA:265,0
DA:266,0
DA:270,1
DA:271,0
DA:274,1
DA:275,0
DA:276,0
DA:277,0
DA:282,1
LF:143
LH:45
BRDA:63,0,0,0
BRDA:63,0,1,1
BRDA:72,1,0,0
BRDA:72,1,1,0
BRDA:90,2,0,0
BRDA:90,2,1,0
BRDA:103,3,0,0
BRDA:103,3,1,2
BRDA:146,4,0,0
BRDA:146,4,1,10
BRDA:146,5,0,10
BRDA:146,5,1,10
BRDA:193,6,0,0
BRDA:193,6,1,0
BRDA:194,7,0,0
BRDA:194,7,1,0
BRDA:196,8,0,0
BRDA:196,8,1,0
BRDA:196,8,2,0
BRDA:196,8,3,0
BRDA:199,9,0,0
BRDA:199,9,1,0
BRDA:199,9,2,0
BRDA:199,9,3,0
BRDA:206,10,0,0
BRDA:206,10,1,0
BRDA:223,11,0,0
BRDA:223,11,1,0
BRDA:239,12,0,0
BRDA:239,12,1,0
BRDA:253,13,0,0
BRDA:253,13,1,0
BRF:32
BRH:5
end_of_record
TN:
SF:C:\Users\POCUser\Desktop\FSD\Capsule-Case-Study\Frontend\src\app\components\add-user\add-user.component.ts
FN:13,(anonymous_0)
FN:22,AddUserComponent
FN:26,(anonymous_2)
FN:31,(anonymous_3)
FN:39,(anonymous_4)
FN:45,(anonymous_5)
FN:49,(anonymous_6)
FN:55,(anonymous_7)
FN:57,(anonymous_8)
FN:61,(anonymous_9)
FN:66,(anonymous_10)
FN:69,(anonymous_11)
FN:74,(anonymous_12)
FN:87,(anonymous_13)
FN:101,(anonymous_14)
FN:103,(anonymous_15)
FN:105,(anonymous_16)
FN:110,(anonymous_17)
FN:111,(anonymous_18)
FN:119,(anonymous_19)
FN:124,(anonymous_20)
FN:129,(anonymous_21)
FN:135,(anonymous_22)
FN:141,(anonymous_23)
FN:148,(anonymous_24)
FN:153,(anonymous_25)
FNF:26
FNH:5
FNDA:1,(anonymous_0)
FNDA:3,AddUserComponent
FNDA:1,(anonymous_2)
FNDA:1,(anonymous_3)
FNDA:0,(anonymous_4)
FNDA:0,(anonymous_5)
FNDA:0,(anonymous_6)
FNDA:1,(anonymous_7)
FNDA:0,(anonymous_8)
FNDA:0,(anonymous_9)
FNDA:0,(anonymous_10)
FNDA:0,(anonymous_11)
FNDA:0,(anonymous_12)
FNDA:0,(anonymous_13)
FNDA:0,(anonymous_14)
FNDA:0,(anonymous_15)
FNDA:0,(anonymous_16)
FNDA:0,(anonymous_17)
FNDA:0,(anonymous_18)
FNDA:0,(anonymous_19)
FNDA:0,(anonymous_20)
FNDA:0,(anonymous_21)
FNDA:0,(anonymous_22)
FNDA:0,(anonymous_23)
FNDA:0,(anonymous_24)
FNDA:0,(anonymous_25)
DA:13,1
DA:22,3
DA:23,3
DA:24,3
DA:26,1
DA:27,1
DA:28,1
DA:31,1
DA:32,1
DA:39,1
DA:41,0
DA:42,0
DA:43,0
DA:44,0
DA:45,0
DA:46,0
DA:47,0
DA:48,0
DA:50,0
DA:51,0
DA:55,1
DA:56,1
DA:57,1
DA:58,0
DA:59,0
DA:62,0
DA:66,1
DA:68,0
DA:69,0
DA:70,0
DA:72,0
DA:74,0
DA:75,0
DA:76,0
DA:77,0
DA:78,0
DA:80,0
DA:81,0
DA:83,0
DA:87,0
DA:88,0
DA:89,0
DA:90,0
DA:91,0
DA:93,0
DA:94,0
DA:96,0
DA:101,1
DA:103,0
DA:104,0
DA:106,0
DA:110,1
DA:111,0
DA:112,0
DA:117,0
DA:118,0
DA:120,0
DA:124,1
DA:125,0
DA:126,0
DA:127,0
DA:128,0
DA:129,0
DA:130,0
DA:131,0
DA:132,0
DA:133,0
DA:134,0
DA:136,0
DA:137,0
DA:141,1
DA:142,0
DA:143,0
DA:144,0
DA:145,0
DA:148,1
DA:149,0
DA:150,0
DA:153,1
DA:154,0
DA:157,1
LF:81
LH:21
BRDA:68,0,0,0
BRDA:68,0,1,0
BRDA:72,1,0,0
BRDA:72,1,1,0
BRDA:77,2,0,0
BRDA:77,2,1,0
BRDA:80,3,0,0
BRDA:80,3,1,0
BRDA:90,4,0,0
BRDA:90,4,1,0
BRDA:93,5,0,0
BRDA:93,5,1,0
BRF:12
BRH:0
end_of_record
TN:
SF:C:\Users\POCUser\Desktop\FSD\Capsule-Case-Study\Frontend\src\app\components\nav-menu\nav-menu.component.ts
FN:8,(anonymous_0)
FN:10,NavMenuComponent
FN:12,(anonymous_2)
FNF:3
FNH:3
FNDA:1,(anonymous_0)
FNDA:1,NavMenuComponent
FNDA:1,(anonymous_2)
DA:8,1
DA:12,1
DA:15,1
LF:3
LH:3
BRF:0
BRH:0
end_of_record
TN:
SF:C:\Users\POCUser\Desktop\FSD\Capsule-Case-Study\Frontend\src\app\components\view-task\view-task.component.ts
FN:14,(anonymous_0)
FN:22,ViewTaskComponent
FN:26,(anonymous_2)
FN:30,(anonymous_3)
FN:38,(anonymous_4)
FN:40,(anonymous_5)
FN:42,(anonymous_6)
FN:44,(anonymous_7)
FN:46,(anonymous_8)
FN:58,(anonymous_9)
FN:63,(anonymous_10)
FN:64,(anonymous_11)
FN:66,(anonymous_12)
FN:71,(anonymous_13)
FN:72,(anonymous_14)
FN:75,(anonymous_15)
FN:80,(anonymous_16)
FN:81,(anonymous_17)
FN:86,(anonymous_18)
FNF:19
FNH:4
FNDA:1,(anonymous_0)
FNDA:7,ViewTaskComponent
FNDA:1,(anonymous_2)
FNDA:0,(anonymous_3)
FNDA:0,(anonymous_4)
FNDA:0,(anonymous_5)
FNDA:0,(anonymous_6)
FNDA:0,(anonymous_7)
FNDA:0,(anonymous_8)
FNDA:0,(anonymous_9)
FNDA:1,(anonymous_10)
FNDA:0,(anonymous_11)
FNDA:0,(anonymous_12)
FNDA:0,(anonymous_13)
FNDA:0,(anonymous_14)
FNDA:0,(anonymous_15)
FNDA:0,(anonymous_16)
FNDA:0,(anonymous_17)
FNDA:0,(anonymous_18)
DA:14,1
DA:22,7
DA:23,7
DA:26,1
DA:27,1
DA:30,1
DA:31,0
DA:32,0
DA:33,0
DA:34,0
DA:38,1
DA:39,0
DA:40,0
DA:41,0
DA:42,0
DA:43,0
DA:44,0
DA:45,0
DA:46,0
DA:47,0
DA:48,0
DA:50,0
DA:51,0
DA:53,0
DA:58,1
DA:59,0
DA:60,0
DA:63,1
DA:64,1
DA:65,0
DA:67,0
DA:71,1
DA:72,0
DA:74,0
DA:76,0
DA:80,1
DA:81,0
DA:82,0
DA:86,1
DA:87,0
DA:94,1
LF:41
LH:14
BRDA:39,0,0,0
BRDA:39,0,1,0
BRDA:41,1,0,0
BRDA:41,1,1,0
BRDA:43,2,0,0
BRDA:43,2,1,0
BRDA:45,3,0,0
BRDA:45,3,1,0
BRDA:47,4,0,0
BRDA:47,4,1,0
BRDA:50,5,0,0
BRDA:50,5,1,0
BRF:12
BRH:0
end_of_record
TN:
SF:C:\Users\POCUser\Desktop\FSD\Capsule-Case-Study\Frontend\src\app\models\Project.model.ts
FN:1,(anonymous_0)
FNF:1
FNH:1
FNDA:1,(anonymous_0)
DA:1,1
DA:10,1
LF:2
LH:2
BRF:0
BRH:0
end_of_record
TN:
SF:C:\Users\POCUser\Desktop\FSD\Capsule-Case-Study\Frontend\src\app\models\Task.model.ts
FN:1,(anonymous_0)
FN:7,(anonymous_2)
FNF:2
FNH:2
FNDA:1,(anonymous_0)
FNDA:1,(anonymous_2)
DA:1,1
DA:5,1
DA:7,1
DA:17,1
LF:4
LH:4
BRF:0
BRH:0
end_of_record
TN:
SF:C:\Users\POCUser\Desktop\FSD\Capsule-Case-Study\Frontend\src\app\models\User.model.ts
FN:1,(anonymous_0)
FNF:1
FNH:1
FNDA:1,(anonymous_0)
DA:1,1
DA:8,1
LF:2
LH:2
BRF:0
BRH:0
end_of_record
TN:
SF:C:\Users\POCUser\Desktop\FSD\Capsule-Case-Study\Frontend\src\app\pipes\filter-parent-task.pipe.ts
FN:6,(anonymous_0)
FN:8,(anonymous_2)
FN:12,(anonymous_3)
FNF:3
FNH:2
FNDA:5,(anonymous_0)
FNDA:1,(anonymous_2)
FNDA:0,(anonymous_3)
DA:6,1
DA:8,1
DA:9,1
DA:10,0
DA:11,0
DA:12,0
DA:13,0
DA:17,1
LF:8
LH:4
BRDA:9,0,0,1
BRDA:9,0,1,0
BRDA:10,1,0,0
BRDA:10,1,1,0
BRF:4
BRH:1
end_of_record
TN:
SF:C:\Users\POCUser\Desktop\FSD\Capsule-Case-Study\Frontend\src\app\pipes\filter-project.pipe.ts
FN:6,(anonymous_0)
FN:8,(anonymous_2)
FN:13,(anonymous_3)
FN:17,(anonymous_4)
FNF:4
FNH:2
FNDA:15,(anonymous_0)
FNDA:2,(anonymous_2)
FNDA:0,(anonymous_3)
FNDA:0,(anonymous_4)
DA:6,1
DA:8,1
DA:9,2
DA:10,0
DA:11,0
DA:12,0
DA:13,0
DA:14,0
DA:17,0
DA:18,0
DA:26,1
LF:11
LH:4
BRDA:9,0,0,2
BRDA:9,0,1,0
BRDA:10,1,0,0
BRDA:10,1,1,0
BRDA:12,2,0,0
BRDA:12,2,1,0
BRDA:18,3,0,0
BRDA:18,3,1,0
BRDA:18,3,2,0
BRDA:18,3,3,0
BRF:10
BRH:1
end_of_record
TN:
SF:C:\Users\POCUser\Desktop\FSD\Capsule-Case-Study\Frontend\src\app\pipes\filter-user.pipe.ts
FN:6,(anonymous_0)
FN:8,(anonymous_2)
FN:12,(anonymous_3)
FNF:3
FNH:2
FNDA:11,(anonymous_0)
FNDA:2,(anonymous_2)
FNDA:0,(anonymous_3)
DA:6,1
DA:8,1
DA:9,2
DA:10,0
DA:11,0
DA:12,0
DA:13,0
DA:20,1
LF:8
LH:4
BRDA:9,0,0,2
BRDA:9,0,1,0
BRDA:10,1,0,0
BRDA:10,1,1,0
BRDA:13,2,0,0
BRDA:13,2,1,0
BRDA:13,2,2,0
BRF:7
BRH:1
end_of_record
TN:
SF:C:\Users\POCUser\Desktop\FSD\Capsule-Case-Study\Frontend\src\app\services\project.service.ts
FN:15,(anonymous_0)
FN:19,ProjectService
FN:21,(anonymous_2)
FN:25,(anonymous_3)
FN:29,(anonymous_4)
FN:33,(anonymous_5)
FN:37,(anonymous_6)
FN:41,(anonymous_7)
FN:45,(anonymous_8)
FNF:9
FNH:3
FNDA:1,(anonymous_0)
FNDA:14,ProjectService
FNDA:0,(anonymous_2)
FNDA:0,(anonymous_3)
FNDA:3,(anonymous_4)
FNDA:0,(anonymous_5)
FNDA:0,(anonymous_6)
FNDA:0,(anonymous_7)
FNDA:0,(anonymous_8)
DA:7,1
DA:15,1
DA:17,14
DA:19,14
DA:21,1
DA:22,0
DA:25,1
DA:26,0
DA:29,1
DA:30,3
DA:33,1
DA:34,0
DA:37,1
DA:38,0
DA:41,1
DA:42,0
DA:45,1
DA:46,0
DA:48,1
LF:19
LH:13
BRF:0
BRH:0
end_of_record
TN:
SF:C:\Users\POCUser\Desktop\FSD\Capsule-Case-Study\Frontend\src\app\services\task.service.ts
FN:14,(anonymous_0)
FN:18,TaskService
FN:20,(anonymous_2)
FN:24,(anonymous_3)
FN:28,(anonymous_4)
FN:32,(anonymous_5)
FN:36,(anonymous_6)
FN:40,(anonymous_7)
FN:44,(anonymous_8)
FNF:9
FNH:2
FNDA:1,(anonymous_0)
FNDA:11,TaskService
FNDA:0,(anonymous_2)
FNDA:0,(anonymous_3)
FNDA:0,(anonymous_4)
FNDA:0,(anonymous_5)
FNDA:0,(anonymous_6)
FNDA:0,(anonymous_7)
FNDA:0,(anonymous_8)
DA:6,1
DA:14,1
DA:16,11
DA:18,11
DA:20,1
DA:21,0
DA:24,1
DA:25,0
DA:28,1
DA:29,0
DA:32,1
DA:33,0
DA:36,1
DA:37,0
DA:40,1
DA:41,0
DA:44,1
DA:45,0
DA:47,1
LF:19
LH:12
BRF:0
BRH:0
end_of_record
TN:
SF:C:\Users\POCUser\Desktop\FSD\Capsule-Case-Study\Frontend\src\app\services\user.service.ts
FN:15,(anonymous_0)
FN:18,UserService
FN:20,(anonymous_2)
FN:24,(anonymous_3)
FN:28,(anonymous_4)
FN:32,(anonymous_5)
FN:36,(anonymous_6)
FNF:7
FNH:3
FNDA:1,(anonymous_0)
FNDA:10,UserService
FNDA:3,(anonymous_2)
FNDA:0,(anonymous_3)
FNDA:0,(anonymous_4)
FNDA:0,(anonymous_5)
FNDA:0,(anonymous_6)
DA:7,1
DA:15,1
DA:17,10
DA:18,10
DA:20,1
DA:21,3
DA:24,1
DA:25,0
DA:28,1
DA:29,0
DA:32,1
DA:33,0
DA:36,1
DA:37,0
DA:40,1
LF:15
LH:11
BRF:0
BRH:0
end_of_record
